<?xml version="1.0" encoding="UTF-8"?>
<!-- Generated by org.testng.reporters.JUnitXMLReporter -->
<testsuite hostname="DESKTOP-H0UJ53H" failures="1" tests="9" name="execute testcases" time="35.584" errors="0" timestamp="7 May 2025 08:01:19 GMT">
  <testcase classname="com.test.Assertion" name="titlepage" time="0.029">
    <failure type="java.lang.AssertionError" message="title is not matched expected [Google12] but found [Google]">
      <![CDATA[java.lang.AssertionError: title is not matched expected [Google12] but found [Google]
	at com.test.Assertion.titlepage(Assertion.java:24)
... Removed 28 stack frames]]>
    </failure>
  </testcase> <!-- titlepage -->
  <testcase classname="com.test.googletest1" name="googletesttype" time="2.199"/>
  <testcase classname="com.test.googletest1" name="run" time="4.924"/>
  <testcase classname="com.test.googletest1" name="googlelink" time="9.295"/>
  <testcase classname="com.test.googletest1" name="gooltest" time="0.016"/>
  <testcase classname="com.test.TestingFeatures" name="login" time="0.001"/>
  <testcase classname="com.test.TestingFeatures" name="logout" time="0.003"/>
  <testcase classname="com.test.TestingFeatures" name="homepage" time="0.007"/>
  <testcase classname="com.test.TestNGBasics" name="title" time="0.002"/>
</testsuite> <!-- execute testcases -->
