<?xml version="1.0" encoding="UTF-8"?>
<testng-results total="1" passed="1" failed="0" skipped="0">
  <reporter-output>
  </reporter-output>
  <suite started-at="2025-08-01T12:17:59Z" name="Default suite" finished-at="2025-08-01T12:18:10Z" duration-ms="11306">
    <groups>
    </groups>
    <test started-at="2025-08-01T12:17:59Z" name="Default test" finished-at="2025-08-01T12:18:10Z" duration-ms="11306">
      <class name="goibibo.BookingTicket">
        <test-method signature="openpage()[pri:0, instance:goibibo.BookingTicket@7f0d96f2]" started-at="2025-08-01T17:47:59Z" name="openpage" finished-at="2025-08-01T17:48:10Z" duration-ms="11287" status="PASS">
          <reporter-output>
          </reporter-output>
        </test-method> <!-- openpage -->
      </class> <!-- goibibo.BookingTicket -->
    </test> <!-- Default test -->
  </suite> <!-- Default suite -->
</testng-results>
